<?xml version="1.0" encoding="UTF-8"?>
<!-- Generated by org.testng.reporters.JUnitXMLReporter -->
<testsuite ignored="0" hostname="DESKTOP-ATUIG88" failures="2" tests="2" name="Test" time="1.188" errors="0" timestamp="19 Nov 2021 19:35:53 GMT">
  <testcase classname="io.cucumber.testng.AbstractTestNGCucumberTests" name="runScenario" time="0.683">
    <failure type="java.io.FileNotFoundException" message="C:\Users\NITIN\eclipse-workspace\Question1BDD\Configuration\config.properties (The system cannot find the file specified)">
      <![CDATA[java.io.FileNotFoundException: C:\Users\NITIN\eclipse-workspace\Question1BDD\Configuration\config.properties (The system cannot find the file specified)
at java.base/java.io.FileInputStream.open0(Native Method)
at java.base/java.io.FileInputStream.open(FileInputStream.java:216)
at java.base/java.io.FileInputStream.<init>(FileInputStream.java:157)
at java.base/java.io.FileInputStream.<init>(FileInputStream.java:111)
at reusableComponentsBDD.BaseClass.initialize(BaseClass.java:23)
at stepDefinitionBDD.TC1.user_is_on_landing_page(TC1.java:18)
at ✽.User is on landing page(file:///C:/Users/NITIN/eclipse-workspace/Question1BDD/src/test/java/features/TC1.feature:3)
]]>
    </failure>
  </testcase> <!-- runScenario -->
  <testcase classname="io.cucumber.testng.AbstractTestNGCucumberTests" name="runScenario" time="0.702">
    <failure type="java.lang.NullPointerException" message="Cannot invoke &amp;quot;org.openqa.selenium.TakesScreenshot.getScreenshotAs(org.openqa.selenium.OutputType)&amp;quot; because &amp;quot;reusableComponentsBDD.BaseClass.driver&amp;quot; is null">
      <![CDATA[java.lang.NullPointerException: Cannot invoke "org.openqa.selenium.TakesScreenshot.getScreenshotAs(org.openqa.selenium.OutputType)" because "reusableComponentsBDD.BaseClass.driver" is null
at reusableComponentsBDD.BaseClass.getScreenshot(BaseClass.java:33)
at utilitiesBDD.listnersBDD.onTestFailure(listnersBDD.java:32)
... Removed 22 stack frames]]>
    </failure>
  </testcase> <!-- runScenario -->
</testsuite> <!-- Test -->
