<?xml version="1.0" encoding="UTF-8"?>
<testsuite xmlns:xsi="http://www.w3.org/2001/XMLSchema-instance" xsi:noNamespaceSchemaLocation="https://maven.apache.org/surefire/maven-surefire-plugin/xsd/surefire-test-report-3.0.xsd" version="3.0" name="TestSuite" time="195.594" tests="10" errors="0" skipped="0" failures="0">
  <properties>
[...]
</properties>
  <testcase name="runScenario[&quot;clicking on coffee mug&quot;, &quot;Optional[Add Coffee Mug to Cart]&quot;](1)" classname="runnerBDD.Runner" time="28.452">
    <system-out><![CDATA[2021.11.20.13.22.48-----------
Test-Report2021.11.20.13.22.48.html
2021-11-20 13:22:51,851 INFO TestCase 1 
2021-11-20 13:22:51,851 INFO Browser has been invoked 
2021-11-20 13:23:04,902 INFO Landed on Website home page 
2021-11-20 13:23:05,143 INFO Entered coffee mugs iin search bar 
2021-11-20 13:23:09,743 INFO clicked on enter 
2021-11-20 13:23:12,953 INFO Clicked on the coffee mug item 
2021-11-20 13:23:13,150 INFO Added Coffee mug to the cart 
]]></system-out>
    <system-err><![CDATA[log4j:WARN No such property [maxBackUpIndex] in utilitiesBDD.logBDD.
log4j:WARN No such property [maxFileSize] in utilitiesBDD.logBDD.
Starting ChromeDriver 96.0.4664.45 (76e4c1bb2ab4671b8beba3444e61c0f17584b2fc-refs/branch-heads/4664@{#947}) on port 41522
Only local connections are allowed.
Please see https://chromedriver.chromium.org/security-considerations for suggestions on keeping ChromeDriver safe.
ChromeDriver was started successfully.
Nov 20, 2021 1:22:51 PM org.openqa.selenium.remote.ProtocolHandshake createSession
INFO: Detected dialect: W3C
TEST SUCCESS
]]></system-err>
  </testcase>
  <testcase name="runScenario[&quot;Add details to form&quot;, &quot;Optional[Working on spreadsheet]&quot;](2)" classname="runnerBDD.Runner" time="12.194">
    <system-out><![CDATA[2021.11.20.13.23.17-----------
Test-Report2021.11.20.13.23.17.html
2021-11-20 13:23:18,883 INFO Browser has been invoked 
2021-11-20 13:23:24,221 INFO landed on HomePage 
2021-11-20 13:23:26,977 INFO Clicked on Corporate Gift 
2021-11-20 13:23:27,446 INFO Entered the name 
2021-11-20 13:23:27,540 INFO Entered the Email 
2021-11-20 13:23:27,686 INFO Entered the number 
2021-11-20 13:23:27,799 INFO Entered the enquiry text 
2021-11-20 13:23:28,476 INFO Clicked on subit button 
]]></system-out>
    <system-err><![CDATA[Starting ChromeDriver 96.0.4664.45 (76e4c1bb2ab4671b8beba3444e61c0f17584b2fc-refs/branch-heads/4664@{#947}) on port 13391
Only local connections are allowed.
Please see https://chromedriver.chromium.org/security-considerations for suggestions on keeping ChromeDriver safe.
ChromeDriver was started successfully.
Nov 20, 2021 1:23:18 PM org.openqa.selenium.remote.ProtocolHandshake createSession
INFO: Detected dialect: W3C
TEST SUCCESS
]]></system-err>
  </testcase>
  <testcase name="runScenario[&quot;Checking Hower DropDown&quot;, &quot;Optional[Working on Hover Dropdown]&quot;](3)" classname="runnerBDD.Runner" time="19.244">
    <system-out><![CDATA[2021.11.20.13.23.29-----------
Test-Report2021.11.20.13.23.29.html
2021-11-20 13:23:32,384 INFO Browser has been invoked 
2021-11-20 13:23:40,993 INFO landed on HomePage 
2021-11-20 13:23:40,995 INFO Hovered on Gifts dropdown 
2021-11-20 13:23:41,380 INFO hovered on Birthday gifts and clicked on it 
]]></system-out>
    <system-err><![CDATA[Starting ChromeDriver 96.0.4664.45 (76e4c1bb2ab4671b8beba3444e61c0f17584b2fc-refs/branch-heads/4664@{#947}) on port 9617
Only local connections are allowed.
Please see https://chromedriver.chromium.org/security-considerations for suggestions on keeping ChromeDriver safe.
ChromeDriver was started successfully.
Nov 20, 2021 1:23:32 PM org.openqa.selenium.remote.ProtocolHandshake createSession
INFO: Detected dialect: W3C
TEST SUCCESS
]]></system-err>
  </testcase>
  <testcase name="runScenario[&quot;Adding Gift Note&quot;, &quot;Optional[Working on Gift Note]&quot;](4)" classname="runnerBDD.Runner" time="20.134">
    <system-out><![CDATA[2021.11.20.13.23.48-----------
Test-Report2021.11.20.13.23.48.html
2021-11-20 13:23:50,671 INFO Browser has been invoked 
2021-11-20 13:23:56,701 INFO landed on HomePage 
2021-11-20 13:23:59,007 INFO clicked on Christmas gifts 
2021-11-20 13:24:03,111 INFO Selected the required item 
2021-11-20 13:24:03,308 INFO Added the Item to the cart 
2021-11-20 13:24:08,485 INFO Added a gift note to it 
]]></system-out>
    <system-err><![CDATA[Starting ChromeDriver 96.0.4664.45 (76e4c1bb2ab4671b8beba3444e61c0f17584b2fc-refs/branch-heads/4664@{#947}) on port 4533
Only local connections are allowed.
Please see https://chromedriver.chromium.org/security-considerations for suggestions on keeping ChromeDriver safe.
ChromeDriver was started successfully.
Nov 20, 2021 1:23:50 PM org.openqa.selenium.remote.ProtocolHandshake createSession
INFO: Detected dialect: W3C
TEST SUCCESS
]]></system-err>
  </testcase>
  <testcase name="runScenario[&quot;Checking for delivery Availability&quot;, &quot;Optional[Working on Delivery Availability]&quot;](5)" classname="runnerBDD.Runner" time="20.443">
    <system-out><![CDATA[2021.11.20.13.24.08-----------
Test-Report2021.11.20.13.24.08.html
2021-11-20 13:24:11,002 INFO Browser has been invoked 
2021-11-20 13:24:19,566 INFO landed on HomePage 
2021-11-20 13:24:22,005 INFO clicked on Top 50 Category 
2021-11-20 13:24:24,862 INFO Selected the Item 
2021-11-20 13:24:25,053 INFO Entered the pincode 
2021-11-20 13:24:25,204 INFO Clicked on check 
]]></system-out>
    <system-err><![CDATA[Starting ChromeDriver 96.0.4664.45 (76e4c1bb2ab4671b8beba3444e61c0f17584b2fc-refs/branch-heads/4664@{#947}) on port 27159
Only local connections are allowed.
Please see https://chromedriver.chromium.org/security-considerations for suggestions on keeping ChromeDriver safe.
ChromeDriver was started successfully.
Nov 20, 2021 1:24:11 PM org.openqa.selenium.remote.ProtocolHandshake createSession
INFO: Detected dialect: W3C
TEST SUCCESS
]]></system-err>
  </testcase>
  <testcase name="runScenario[&quot;Clicking on 18th birthday gifts&quot;, &quot;Optional[Working on 18th birthday gifts]&quot;](6)" classname="runnerBDD.Runner" time="18.242">
    <system-out><![CDATA[2021.11.20.13.24.29-----------
Test-Report2021.11.20.13.24.29.html
2021-11-20 13:24:31,660 INFO Browser has been invoked 
2021-11-20 13:24:40,193 INFO landed on HomePage 
2021-11-20 13:24:40,527 INFO Hovered on Birthday gifts 
2021-11-20 13:24:43,383 INFO Hovered on 18th birthday gifts and clicked on it 
]]></system-out>
    <system-err><![CDATA[Starting ChromeDriver 96.0.4664.45 (76e4c1bb2ab4671b8beba3444e61c0f17584b2fc-refs/branch-heads/4664@{#947}) on port 38461
Only local connections are allowed.
Please see https://chromedriver.chromium.org/security-considerations for suggestions on keeping ChromeDriver safe.
ChromeDriver was started successfully.
Nov 20, 2021 1:24:31 PM org.openqa.selenium.remote.ProtocolHandshake createSession
INFO: Detected dialect: W3C
TEST SUCCESS
]]></system-err>
  </testcase>
  <testcase name="runScenario[&quot;To increase product quantity&quot;, &quot;Optional[Working on product quantity]&quot;](7)" classname="runnerBDD.Runner" time="19.607">
    <system-out><![CDATA[2021.11.20.13.24.47-----------
Test-Report2021.11.20.13.24.47.html
2021-11-20 13:24:48,870 INFO Browser has been invoked 
2021-11-20 13:24:55,987 INFO landed on HomePage 
2021-11-20 13:24:58,865 INFO New Category 
2021-11-20 13:25:02,918 INFO Clicked on the item 
2021-11-20 13:25:03,043 INFO increased the quantity to 2 
]]></system-out>
    <system-err><![CDATA[Starting ChromeDriver 96.0.4664.45 (76e4c1bb2ab4671b8beba3444e61c0f17584b2fc-refs/branch-heads/4664@{#947}) on port 35076
Only local connections are allowed.
Please see https://chromedriver.chromium.org/security-considerations for suggestions on keeping ChromeDriver safe.
ChromeDriver was started successfully.
Nov 20, 2021 1:24:48 PM org.openqa.selenium.remote.ProtocolHandshake createSession
INFO: Detected dialect: W3C
TEST SUCCESS
]]></system-err>
  </testcase>
  <testcase name="runScenario[&quot;Add a Gift Card to cart&quot;, &quot;Optional[Working on gift card]&quot;](8)" classname="runnerBDD.Runner" time="14.611">
    <system-out><![CDATA[2021.11.20.13.25.07-----------
Test-Report2021.11.20.13.25.07.html
2021-11-20 13:25:10,453 INFO Browser has been invoked 
2021-11-20 13:25:18,210 INFO landed on HomePage 
2021-11-20 13:25:21,113 INFO clicked on gift card 
2021-11-20 13:25:21,373 INFO selected the amount 
2021-11-20 13:25:21,493 INFO added the gift card to the cart 
]]></system-out>
    <system-err><![CDATA[Starting ChromeDriver 96.0.4664.45 (76e4c1bb2ab4671b8beba3444e61c0f17584b2fc-refs/branch-heads/4664@{#947}) on port 18179
Only local connections are allowed.
Please see https://chromedriver.chromium.org/security-considerations for suggestions on keeping ChromeDriver safe.
ChromeDriver was started successfully.
Nov 20, 2021 1:25:10 PM org.openqa.selenium.remote.ProtocolHandshake createSession
INFO: Detected dialect: W3C
TEST SUCCESS
]]></system-err>
  </testcase>
  <testcase name="runScenario[&quot;Adding item to wishlist&quot;, &quot;Optional[Working on Wishlist]&quot;](9)" classname="runnerBDD.Runner" time="24.892">
    <system-out><![CDATA[2021.11.20.13.25.21-----------
Test-Report2021.11.20.13.25.21.html
2021-11-20 13:25:23,139 INFO Browser has been invoked 
2021-11-20 13:25:28,939 INFO landed on HomePage 
2021-11-20 13:25:28,941 INFO landed on All of It page 
2021-11-20 13:25:42,179 INFO Selected the item 
2021-11-20 13:25:42,569 INFO added to wish list 
]]></system-out>
    <system-err><![CDATA[Starting ChromeDriver 96.0.4664.45 (76e4c1bb2ab4671b8beba3444e61c0f17584b2fc-refs/branch-heads/4664@{#947}) on port 27390
Only local connections are allowed.
Please see https://chromedriver.chromium.org/security-considerations for suggestions on keeping ChromeDriver safe.
ChromeDriver was started successfully.
Nov 20, 2021 1:25:23 PM org.openqa.selenium.remote.ProtocolHandshake createSession
INFO: Detected dialect: W3C
TEST SUCCESS
]]></system-err>
  </testcase>
  <testcase name="runScenario[&quot;Validating the heading&quot;, &quot;Optional[Working on assertions]&quot;](10)" classname="runnerBDD.Runner" time="15.646">
    <system-out><![CDATA[2021.11.20.13.25.46-----------
Test-Report2021.11.20.13.25.46.html
2021-11-20 13:25:49,310 INFO Browser has been invoked 
2021-11-20 13:25:55,264 INFO landed on HomePage 
2021-11-20 13:25:58,136 INFO Clicked on the Shipping & deliver Policy link 
2021-11-20 13:25:58,236 INFO Got the heading 
2021-11-20 13:25:58,239 INFO Heading checking done 
Equal
]]></system-out>
    <system-err><![CDATA[Starting ChromeDriver 96.0.4664.45 (76e4c1bb2ab4671b8beba3444e61c0f17584b2fc-refs/branch-heads/4664@{#947}) on port 17967
Only local connections are allowed.
Please see https://chromedriver.chromium.org/security-considerations for suggestions on keeping ChromeDriver safe.
ChromeDriver was started successfully.
Nov 20, 2021 1:25:49 PM org.openqa.selenium.remote.ProtocolHandshake createSession
INFO: Detected dialect: W3C
TEST SUCCESS
]]></system-err>
  </testcase>
</testsuite>