<?xml version="1.0" encoding="UTF-8"?>
<testng-results skipped="0" failed="0" ignored="0" total="10" passed="10">
  <reporter-output>
  </reporter-output>
  <suite name="Suite" duration-ms="194255" started-at="2021-11-20T07:52:48Z" finished-at="2021-11-20T07:56:02Z">
    <groups>
      <group name="cucumber">
        <method signature="AbstractTestNGCucumberTests.runScenario(io.cucumber.testng.PickleWrapper, io.cucumber.testng.FeatureWrapper)[pri:0, instance:runnerBDD.Runner@c038203]" name="runScenario" class="io.cucumber.testng.AbstractTestNGCucumberTests"/>
      </group> <!-- cucumber -->
    </groups>
    <test name="Test" duration-ms="194255" started-at="2021-11-20T07:52:48Z" finished-at="2021-11-20T07:56:02Z">
      <class name="runnerBDD.Runner">
        <test-method status="PASS" signature="setUpClass(org.testng.ITestContext)[pri:0, instance:runnerBDD.Runner@c038203]" name="setUpClass" is-config="true" duration-ms="763" started-at="2021-11-20T07:52:48Z" finished-at="2021-11-20T07:52:48Z">
          <params>
            <param index="0">
              <value>
                <![CDATA[org.testng.TestRunner@3e17a0a1]]>
              </value>
            </param>
          </params>
          <reporter-output>
          </reporter-output>
        </test-method> <!-- setUpClass -->
        <test-method status="PASS" signature="runScenario(io.cucumber.testng.PickleWrapper, io.cucumber.testng.FeatureWrapper)[pri:0, instance:runnerBDD.Runner@c038203]" name="runScenario" duration-ms="24256" started-at="2021-11-20T07:52:48Z" description="Runs Cucumber Scenarios" data-provider="scenarios" finished-at="2021-11-20T07:53:13Z">
          <params>
            <param index="0">
              <value>
                <![CDATA["clicking on coffee mug"]]>
              </value>
            </param>
            <param index="1">
              <value>
                <![CDATA["Optional[Add Coffee Mug to Cart]"]]>
              </value>
            </param>
          </params>
          <reporter-output>
          </reporter-output>
        </test-method> <!-- runScenario -->
        <test-method status="PASS" signature="runScenario(io.cucumber.testng.PickleWrapper, io.cucumber.testng.FeatureWrapper)[pri:0, instance:runnerBDD.Runner@c038203]" name="runScenario" duration-ms="11149" started-at="2021-11-20T07:53:17Z" description="Runs Cucumber Scenarios" data-provider="scenarios" finished-at="2021-11-20T07:53:28Z">
          <params>
            <param index="0">
              <value>
                <![CDATA["Add details to form"]]>
              </value>
            </param>
            <param index="1">
              <value>
                <![CDATA["Optional[Working on spreadsheet]"]]>
              </value>
            </param>
          </params>
          <reporter-output>
          </reporter-output>
        </test-method> <!-- runScenario -->
        <test-method status="PASS" signature="runScenario(io.cucumber.testng.PickleWrapper, io.cucumber.testng.FeatureWrapper)[pri:0, instance:runnerBDD.Runner@c038203]" name="runScenario" duration-ms="15101" started-at="2021-11-20T07:53:29Z" description="Runs Cucumber Scenarios" data-provider="scenarios" finished-at="2021-11-20T07:53:44Z">
          <params>
            <param index="0">
              <value>
                <![CDATA["Checking Hower DropDown"]]>
              </value>
            </param>
            <param index="1">
              <value>
                <![CDATA["Optional[Working on Hover Dropdown]"]]>
              </value>
            </param>
          </params>
          <reporter-output>
          </reporter-output>
        </test-method> <!-- runScenario -->
        <test-method status="PASS" signature="runScenario(io.cucumber.testng.PickleWrapper, io.cucumber.testng.FeatureWrapper)[pri:0, instance:runnerBDD.Runner@c038203]" name="runScenario" duration-ms="19701" started-at="2021-11-20T07:53:48Z" description="Runs Cucumber Scenarios" data-provider="scenarios" finished-at="2021-11-20T07:54:08Z">
          <params>
            <param index="0">
              <value>
                <![CDATA["Adding Gift Note"]]>
              </value>
            </param>
            <param index="1">
              <value>
                <![CDATA["Optional[Working on Gift Note]"]]>
              </value>
            </param>
          </params>
          <reporter-output>
          </reporter-output>
        </test-method> <!-- runScenario -->
        <test-method status="PASS" signature="runScenario(io.cucumber.testng.PickleWrapper, io.cucumber.testng.FeatureWrapper)[pri:0, instance:runnerBDD.Runner@c038203]" name="runScenario" duration-ms="16302" started-at="2021-11-20T07:54:08Z" description="Runs Cucumber Scenarios" data-provider="scenarios" finished-at="2021-11-20T07:54:25Z">
          <params>
            <param index="0">
              <value>
                <![CDATA["Checking for delivery Availability"]]>
              </value>
            </param>
            <param index="1">
              <value>
                <![CDATA["Optional[Working on Delivery Availability]"]]>
              </value>
            </param>
          </params>
          <reporter-output>
          </reporter-output>
        </test-method> <!-- runScenario -->
        <test-method status="PASS" signature="runScenario(io.cucumber.testng.PickleWrapper, io.cucumber.testng.FeatureWrapper)[pri:0, instance:runnerBDD.Runner@c038203]" name="runScenario" duration-ms="14065" started-at="2021-11-20T07:54:29Z" description="Runs Cucumber Scenarios" data-provider="scenarios" finished-at="2021-11-20T07:54:43Z">
          <params>
            <param index="0">
              <value>
                <![CDATA["Clicking on 18th birthday gifts"]]>
              </value>
            </param>
            <param index="1">
              <value>
                <![CDATA["Optional[Working on 18th birthday gifts]"]]>
              </value>
            </param>
          </params>
          <reporter-output>
          </reporter-output>
        </test-method> <!-- runScenario -->
        <test-method status="PASS" signature="runScenario(io.cucumber.testng.PickleWrapper, io.cucumber.testng.FeatureWrapper)[pri:0, instance:runnerBDD.Runner@c038203]" name="runScenario" duration-ms="15486" started-at="2021-11-20T07:54:47Z" description="Runs Cucumber Scenarios" data-provider="scenarios" finished-at="2021-11-20T07:55:03Z">
          <params>
            <param index="0">
              <value>
                <![CDATA["To increase product quantity"]]>
              </value>
            </param>
            <param index="1">
              <value>
                <![CDATA["Optional[Working on product quantity]"]]>
              </value>
            </param>
          </params>
          <reporter-output>
          </reporter-output>
        </test-method> <!-- runScenario -->
        <test-method status="PASS" signature="runScenario(io.cucumber.testng.PickleWrapper, io.cucumber.testng.FeatureWrapper)[pri:0, instance:runnerBDD.Runner@c038203]" name="runScenario" duration-ms="14294" started-at="2021-11-20T07:55:07Z" description="Runs Cucumber Scenarios" data-provider="scenarios" finished-at="2021-11-20T07:55:21Z">
          <params>
            <param index="0">
              <value>
                <![CDATA["Add a Gift Card to cart"]]>
              </value>
            </param>
            <param index="1">
              <value>
                <![CDATA["Optional[Working on gift card]"]]>
              </value>
            </param>
          </params>
          <reporter-output>
          </reporter-output>
        </test-method> <!-- runScenario -->
        <test-method status="PASS" signature="runScenario(io.cucumber.testng.PickleWrapper, io.cucumber.testng.FeatureWrapper)[pri:0, instance:runnerBDD.Runner@c038203]" name="runScenario" duration-ms="20781" started-at="2021-11-20T07:55:21Z" description="Runs Cucumber Scenarios" data-provider="scenarios" finished-at="2021-11-20T07:55:42Z">
          <params>
            <param index="0">
              <value>
                <![CDATA["Adding item to wishlist"]]>
              </value>
            </param>
            <param index="1">
              <value>
                <![CDATA["Optional[Working on Wishlist]"]]>
              </value>
            </param>
          </params>
          <reporter-output>
          </reporter-output>
        </test-method> <!-- runScenario -->
        <test-method status="PASS" signature="runScenario(io.cucumber.testng.PickleWrapper, io.cucumber.testng.FeatureWrapper)[pri:0, instance:runnerBDD.Runner@c038203]" name="runScenario" duration-ms="11530" started-at="2021-11-20T07:55:46Z" description="Runs Cucumber Scenarios" data-provider="scenarios" finished-at="2021-11-20T07:55:58Z">
          <params>
            <param index="0">
              <value>
                <![CDATA["Validating the heading"]]>
              </value>
            </param>
            <param index="1">
              <value>
                <![CDATA["Optional[Working on assertions]"]]>
              </value>
            </param>
          </params>
          <reporter-output>
          </reporter-output>
        </test-method> <!-- runScenario -->
        <test-method status="PASS" signature="tearDownClass()[pri:0, instance:runnerBDD.Runner@c038203]" name="tearDownClass" is-config="true" duration-ms="4" started-at="2021-11-20T07:56:02Z" finished-at="2021-11-20T07:56:02Z">
          <reporter-output>
          </reporter-output>
        </test-method> <!-- tearDownClass -->
      </class> <!-- runnerBDD.Runner -->
    </test> <!-- Test -->
  </suite> <!-- Suite -->
</testng-results>
