<?xml version="1.0" encoding="UTF-8"?>
<testng-results ignored="0" total="10" passed="9" failed="1" skipped="0">
  <reporter-output>
  </reporter-output>
  <suite started-at="2021-11-19T16:38:23Z" name="Suite" finished-at="2021-11-19T16:40:53Z" duration-ms="150110">
    <groups>
      <group name="cucumber">
        <method signature="AbstractTestNGCucumberTests.runScenario(io.cucumber.testng.PickleWrapper, io.cucumber.testng.FeatureWrapper)[pri:0, instance:runnerBDD.Runner@28975c28]" name="runScenario" class="io.cucumber.testng.AbstractTestNGCucumberTests"/>
      </group> <!-- cucumber -->
    </groups>
    <test started-at="2021-11-19T16:38:23Z" name="Test" finished-at="2021-11-19T16:40:53Z" duration-ms="150110">
      <class name="runnerBDD.Runner">
        <test-method is-config="true" signature="setUpClass(org.testng.ITestContext)[pri:0, instance:runnerBDD.Runner@28975c28]" started-at="2021-11-19T16:38:23Z" name="setUpClass" finished-at="2021-11-19T16:38:23Z" duration-ms="399" status="PASS">
          <params>
            <param index="0">
              <value>
                <![CDATA[org.testng.TestRunner@697d6ded]]>
              </value>
            </param>
          </params>
          <reporter-output>
          </reporter-output>
        </test-method> <!-- setUpClass -->
        <test-method signature="runScenario(io.cucumber.testng.PickleWrapper, io.cucumber.testng.FeatureWrapper)[pri:0, instance:runnerBDD.Runner@28975c28]" started-at="2021-11-19T16:38:23Z" name="runScenario" description="Runs Cucumber Scenarios" data-provider="scenarios" finished-at="2021-11-19T16:38:38Z" duration-ms="14381" status="PASS">
          <params>
            <param index="0">
              <value>
                <![CDATA["clicking on coffee mug"]]>
              </value>
            </param>
            <param index="1">
              <value>
                <![CDATA["Optional[Add Coffee Mug to Cart]"]]>
              </value>
            </param>
          </params>
          <reporter-output>
          </reporter-output>
        </test-method> <!-- runScenario -->
        <test-method signature="runScenario(io.cucumber.testng.PickleWrapper, io.cucumber.testng.FeatureWrapper)[pri:0, instance:runnerBDD.Runner@28975c28]" started-at="2021-11-19T16:38:42Z" name="runScenario" description="Runs Cucumber Scenarios" data-provider="scenarios" finished-at="2021-11-19T16:38:52Z" duration-ms="10197" status="FAIL">
          <params>
            <param index="0">
              <value>
                <![CDATA["Add details to form"]]>
              </value>
            </param>
            <param index="1">
              <value>
                <![CDATA["Optional[Working on spreadsheet]"]]>
              </value>
            </param>
          </params>
          <exception class="io.cucumber.core.exception.CucumberException">
            <message>
              <![CDATA[Step [enters the <FullName> <Email> <Number> <Enquiry> details] is defined with 4 parameters at 'stepDefinitionBDD.TC10.enters_the_full_name_email_number_enquiry_details(java.lang.String,java.lang.String,java.lang.String,java.lang.String)'.
However, the gherkin step has 0 arguments.
Step text: enters the <FullName> <Email> <Number> <Enquiry> details]]>
            </message>
            <full-stacktrace>
              <![CDATA[io.cucumber.core.exception.CucumberException: Step [enters the <FullName> <Email> <Number> <Enquiry> details] is defined with 4 parameters at 'stepDefinitionBDD.TC10.enters_the_full_name_email_number_enquiry_details(java.lang.String,java.lang.String,java.lang.String,java.lang.String)'.
However, the gherkin step has 0 arguments.
Step text: enters the <FullName> <Email> <Number> <Enquiry> details
at io.cucumber.core.runner.PickleStepDefinitionMatch.arityMismatch(PickleStepDefinitionMatch.java:83)
at io.cucumber.core.runner.PickleStepDefinitionMatch.runStep(PickleStepDefinitionMatch.java:42)
at io.cucumber.core.runner.ExecutionMode$1.execute(ExecutionMode.java:10)
at io.cucumber.core.runner.TestStep.executeStep(TestStep.java:86)
at io.cucumber.core.runner.TestStep.run(TestStep.java:57)
at io.cucumber.core.runner.PickleStepTestStep.run(PickleStepTestStep.java:51)
at io.cucumber.core.runner.TestCase.run(TestCase.java:95)
at io.cucumber.core.runner.Runner.runPickle(Runner.java:75)
at io.cucumber.testng.TestNGCucumberRunner.lambda$runScenario$1(TestNGCucumberRunner.java:132)
at io.cucumber.core.runtime.CucumberExecutionContext.lambda$runTestCase$3(CucumberExecutionContext.java:110)
at io.cucumber.core.runtime.RethrowingThrowableCollector.executeAndThrow(RethrowingThrowableCollector.java:23)
at io.cucumber.core.runtime.CucumberExecutionContext.runTestCase(CucumberExecutionContext.java:110)
at io.cucumber.testng.TestNGCucumberRunner.runScenario(TestNGCucumberRunner.java:129)
at io.cucumber.testng.AbstractTestNGCucumberTests.runScenario(AbstractTestNGCucumberTests.java:35)
at java.base/jdk.internal.reflect.NativeMethodAccessorImpl.invoke0(Native Method)
at java.base/jdk.internal.reflect.NativeMethodAccessorImpl.invoke(NativeMethodAccessorImpl.java:77)
at java.base/jdk.internal.reflect.DelegatingMethodAccessorImpl.invoke(DelegatingMethodAccessorImpl.java:43)
at java.base/java.lang.reflect.Method.invoke(Method.java:568)
at org.testng.internal.MethodInvocationHelper.invokeMethod(MethodInvocationHelper.java:124)
at org.testng.internal.Invoker.invokeMethod(Invoker.java:583)
at org.testng.internal.Invoker.invokeTestMethod(Invoker.java:719)
at org.testng.internal.Invoker.invokeTestMethods(Invoker.java:989)
at org.testng.internal.TestMethodWorker.invokeTestMethods(TestMethodWorker.java:125)
at org.testng.internal.TestMethodWorker.run(TestMethodWorker.java:109)
at org.testng.TestRunner.privateRun(TestRunner.java:648)
at org.testng.TestRunner.run(TestRunner.java:505)
at org.testng.SuiteRunner.runTest(SuiteRunner.java:455)
at org.testng.SuiteRunner.runSequentially(SuiteRunner.java:450)
at org.testng.SuiteRunner.privateRun(SuiteRunner.java:415)
at org.testng.SuiteRunner.run(SuiteRunner.java:364)
at org.testng.SuiteRunnerWorker.runSuite(SuiteRunnerWorker.java:52)
at org.testng.SuiteRunnerWorker.run(SuiteRunnerWorker.java:84)
at org.testng.TestNG.runSuitesSequentially(TestNG.java:1208)
at org.testng.TestNG.runSuitesLocally(TestNG.java:1137)
at org.testng.TestNG.runSuites(TestNG.java:1049)
at org.testng.TestNG.run(TestNG.java:1017)
at org.testng.remote.AbstractRemoteTestNG.run(AbstractRemoteTestNG.java:115)
at org.testng.remote.RemoteTestNG.initAndRun(RemoteTestNG.java:251)
at org.testng.remote.RemoteTestNG.main(RemoteTestNG.java:77)
]]>
            </full-stacktrace>
          </exception> <!-- io.cucumber.core.exception.CucumberException -->
          <reporter-output>
          </reporter-output>
        </test-method> <!-- runScenario -->
        <test-method signature="runScenario(io.cucumber.testng.PickleWrapper, io.cucumber.testng.FeatureWrapper)[pri:0, instance:runnerBDD.Runner@28975c28]" started-at="2021-11-19T16:38:53Z" name="runScenario" description="Runs Cucumber Scenarios" data-provider="scenarios" finished-at="2021-11-19T16:39:03Z" duration-ms="9847" status="PASS">
          <params>
            <param index="0">
              <value>
                <![CDATA["Checking Hower DropDown"]]>
              </value>
            </param>
            <param index="1">
              <value>
                <![CDATA["Optional[Working on Hover Dropdown]"]]>
              </value>
            </param>
          </params>
          <reporter-output>
          </reporter-output>
        </test-method> <!-- runScenario -->
        <test-method signature="runScenario(io.cucumber.testng.PickleWrapper, io.cucumber.testng.FeatureWrapper)[pri:0, instance:runnerBDD.Runner@28975c28]" started-at="2021-11-19T16:39:03Z" name="runScenario" description="Runs Cucumber Scenarios" data-provider="scenarios" finished-at="2021-11-19T16:39:22Z" duration-ms="19037" status="PASS">
          <params>
            <param index="0">
              <value>
                <![CDATA["Adding Gift Note"]]>
              </value>
            </param>
            <param index="1">
              <value>
                <![CDATA["Optional[Working on Gift Note]"]]>
              </value>
            </param>
          </params>
          <reporter-output>
          </reporter-output>
        </test-method> <!-- runScenario -->
        <test-method signature="runScenario(io.cucumber.testng.PickleWrapper, io.cucumber.testng.FeatureWrapper)[pri:0, instance:runnerBDD.Runner@28975c28]" started-at="2021-11-19T16:39:26Z" name="runScenario" description="Runs Cucumber Scenarios" data-provider="scenarios" finished-at="2021-11-19T16:39:39Z" duration-ms="13065" status="PASS">
          <params>
            <param index="0">
              <value>
                <![CDATA["Checking for delivery Availability"]]>
              </value>
            </param>
            <param index="1">
              <value>
                <![CDATA["Optional[Working on Delivery Availability]"]]>
              </value>
            </param>
          </params>
          <reporter-output>
          </reporter-output>
        </test-method> <!-- runScenario -->
        <test-method signature="runScenario(io.cucumber.testng.PickleWrapper, io.cucumber.testng.FeatureWrapper)[pri:0, instance:runnerBDD.Runner@28975c28]" started-at="2021-11-19T16:39:43Z" name="runScenario" description="Runs Cucumber Scenarios" data-provider="scenarios" finished-at="2021-11-19T16:39:53Z" duration-ms="10152" status="PASS">
          <params>
            <param index="0">
              <value>
                <![CDATA["Clicking on 18th birthday gifts"]]>
              </value>
            </param>
            <param index="1">
              <value>
                <![CDATA["Optional[Working on 18th birthday gifts]"]]>
              </value>
            </param>
          </params>
          <reporter-output>
          </reporter-output>
        </test-method> <!-- runScenario -->
        <test-method signature="runScenario(io.cucumber.testng.PickleWrapper, io.cucumber.testng.FeatureWrapper)[pri:0, instance:runnerBDD.Runner@28975c28]" started-at="2021-11-19T16:39:58Z" name="runScenario" description="Runs Cucumber Scenarios" data-provider="scenarios" finished-at="2021-11-19T16:40:11Z" duration-ms="13553" status="PASS">
          <params>
            <param index="0">
              <value>
                <![CDATA["To increase product quantity"]]>
              </value>
            </param>
            <param index="1">
              <value>
                <![CDATA["Optional[Working on product quantity]"]]>
              </value>
            </param>
          </params>
          <reporter-output>
          </reporter-output>
        </test-method> <!-- runScenario -->
        <test-method signature="runScenario(io.cucumber.testng.PickleWrapper, io.cucumber.testng.FeatureWrapper)[pri:0, instance:runnerBDD.Runner@28975c28]" started-at="2021-11-19T16:40:11Z" name="runScenario" description="Runs Cucumber Scenarios" data-provider="scenarios" finished-at="2021-11-19T16:40:21Z" duration-ms="10110" status="PASS">
          <params>
            <param index="0">
              <value>
                <![CDATA["Add a Gift Card to cart"]]>
              </value>
            </param>
            <param index="1">
              <value>
                <![CDATA["Optional[Working on gift card]"]]>
              </value>
            </param>
          </params>
          <reporter-output>
          </reporter-output>
        </test-method> <!-- runScenario -->
        <test-method signature="runScenario(io.cucumber.testng.PickleWrapper, io.cucumber.testng.FeatureWrapper)[pri:0, instance:runnerBDD.Runner@28975c28]" started-at="2021-11-19T16:40:22Z" name="runScenario" description="Runs Cucumber Scenarios" data-provider="scenarios" finished-at="2021-11-19T16:40:36Z" duration-ms="13973" status="PASS">
          <params>
            <param index="0">
              <value>
                <![CDATA["Adding item to wishlist"]]>
              </value>
            </param>
            <param index="1">
              <value>
                <![CDATA["Optional[Working on Wishlist]"]]>
              </value>
            </param>
          </params>
          <reporter-output>
          </reporter-output>
        </test-method> <!-- runScenario -->
        <test-method signature="runScenario(io.cucumber.testng.PickleWrapper, io.cucumber.testng.FeatureWrapper)[pri:0, instance:runnerBDD.Runner@28975c28]" started-at="2021-11-19T16:40:40Z" name="runScenario" description="Runs Cucumber Scenarios" data-provider="scenarios" finished-at="2021-11-19T16:40:49Z" duration-ms="9195" status="PASS">
          <params>
            <param index="0">
              <value>
                <![CDATA["Validating the heading"]]>
              </value>
            </param>
            <param index="1">
              <value>
                <![CDATA["Optional[Working on assertions]"]]>
              </value>
            </param>
          </params>
          <reporter-output>
          </reporter-output>
        </test-method> <!-- runScenario -->
        <test-method is-config="true" signature="tearDownClass()[pri:0, instance:runnerBDD.Runner@28975c28]" started-at="2021-11-19T16:40:53Z" name="tearDownClass" finished-at="2021-11-19T16:40:53Z" duration-ms="9" status="PASS">
          <reporter-output>
          </reporter-output>
        </test-method> <!-- tearDownClass -->
      </class> <!-- runnerBDD.Runner -->
    </test> <!-- Test -->
  </suite> <!-- Suite -->
</testng-results>
